<?xml version="1.0" encoding="UTF-8"?>
<!-- Generated by org.testng.reporters.JUnitReportReporter -->
<testsuite skipped="0" hostname="IT1201477" name="com.xcv.test.TestManageUsers" tests="6" failures="0" timestamp="28 Aug 2019 22:12:07 GMT" time="53.583" errors="0">
  <testcase name="TestingSetup" time="3.818" classname="com.xcv.test.TestManageUsers"/>
  <testcase name="TestingLoginXC" time="21.303" classname="com.xcv.test.TestManageUsers"/>
  <testcase name="ManageUsersverify" time="4.194" classname="com.xcv.test.TestManageUsers"/>
  <testcase name="AddUsers" time="2.121" classname="com.xcv.test.TestManageUsers"/>
  <testcase name="AddUserdetails" time="20.106" classname="com.xcv.test.TestManageUsers"/>
  <testcase name="DriverCloseMethod" time="2.041" classname="com.xcv.test.TestManageUsers"/>
</testsuite> <!-- com.xcv.test.TestManageUsers -->
