<?xml version="1.0" encoding="UTF-8"?>
<!-- Generated by org.testng.reporters.JUnitReportReporter -->
<testsuite skipped="0" hostname="IT1201477" name="com.xc.test.TestClass" tests="2" failures="0" timestamp="14 Aug 2019 13:53:53 GMT" time="6.996" errors="0">
  <testcase name="Test1" time="3.531" classname="com.xc.test.TestClass"/>
  <testcase name="Test1" time="3.465" classname="com.xc.test.TestClass"/>
</testsuite> <!-- com.xc.test.TestClass -->
