<?xml version="1.0" encoding="UTF-8"?>
<!-- Generated by org.testng.reporters.JUnitReportReporter -->
<testsuite skipped="0" hostname="IT1201477" name="com.xc.test.ManageOrgs" tests="4" failures="0" timestamp="23 Aug 2019 17:21:09 GMT" time="117.353" errors="0">
  <testcase name="login" time="29.354" classname="com.xc.test.ManageOrgs"/>
  <testcase name="ManageOrgsVerify" time="22.155" classname="com.xc.test.ManageOrgs"/>
  <testcase name="NewOrgAdd" time="22.117" classname="com.xc.test.ManageOrgs"/>
  <testcase name="CreateNewOrg" time="43.727" classname="com.xc.test.ManageOrgs"/>
</testsuite> <!-- com.xc.test.ManageOrgs -->
