<?xml version="1.0" encoding="UTF-8"?>
<!-- Generated by org.testng.reporters.JUnitReportReporter -->
<testsuite skipped="0" hostname="IT1201477" name="com.xcv.test.TestHomepage" tests="4" failures="0" timestamp="26 Aug 2019 11:52:26 GMT" time="34.993" errors="0">
  <testcase name="TestingSetup" time="3.661" classname="com.xcv.test.TestHomepage"/>
  <testcase name="TestingLoginXC" time="20.225" classname="com.xcv.test.TestHomepage"/>
  <testcase name="testlogs" time="10.737" classname="com.xcv.test.TestHomepage"/>
  <testcase name="DriverCloseMethod" time="0.370" classname="com.xcv.test.TestHomepage"/>
</testsuite> <!-- com.xcv.test.TestHomepage -->
