<?xml version="1.0" encoding="UTF-8"?>
<!-- Generated by org.testng.reporters.JUnitReportReporter -->
<testsuite skipped="0" hostname="IT1201477" name="com.xcv.test.TestManageOrgs" tests="6" failures="0" timestamp="29 Aug 2019 17:07:54 GMT" time="117.967" errors="0">
  <testcase name="TestingSetup" time="3.939" classname="com.xcv.test.TestManageOrgs"/>
  <testcase name="TestingLoginXC" time="20.005" classname="com.xcv.test.TestManageOrgs"/>
  <testcase name="ManageOrgsVerify" time="4.212" classname="com.xcv.test.TestManageOrgs"/>
  <testcase name="NewOrgAdd" time="22.132" classname="com.xcv.test.TestManageOrgs"/>
  <testcase name="CreateNewOrg" time="67.415" classname="com.xcv.test.TestManageOrgs"/>
  <testcase name="DriverCloseMethod" time="0.264" classname="com.xcv.test.TestManageOrgs"/>
</testsuite> <!-- com.xcv.test.TestManageOrgs -->
