<?xml version="1.0" encoding="UTF-8"?>
<!-- Generated by org.testng.reporters.JUnitReportReporter -->
<testsuite skipped="0" hostname="IT1201477" name="com.xc.test.CrossBrowserTest" tests="2" failures="0" timestamp="27 Aug 2019 17:42:25 GMT" time="13.684" errors="0">
  <testcase name="Test1" time="4.854" classname="com.xc.test.CrossBrowserTest"/>
  <testcase name="Test1" time="8.830" classname="com.xc.test.CrossBrowserTest"/>
</testsuite> <!-- com.xc.test.CrossBrowserTest -->
