<?xml version="1.0" encoding="UTF-8"?>
<!-- Generated by org.testng.reporters.JUnitReportReporter -->
<testsuite skipped="0" hostname="IT1201477" name="com.xc.test.InvocationCount" tests="3" failures="0" timestamp="14 Aug 2019 20:45:47 GMT" time="105.301" errors="0">
  <testcase name="setup" time="35.755" classname="com.xc.test.InvocationCount"/>
  <testcase name="setup" time="34.238" classname="com.xc.test.InvocationCount"/>
  <testcase name="setup" time="35.308" classname="com.xc.test.InvocationCount"/>
</testsuite> <!-- com.xc.test.InvocationCount -->
