<?xml version="1.0" encoding="UTF-8"?>
<!-- Generated by org.testng.reporters.JUnitReportReporter -->
<testsuite skipped="0" hostname="IT1201477" name="com.xc.test.SalesforceLogin" tests="2" failures="0" timestamp="30 Aug 2019 18:47:44 GMT" time="66.026" errors="0">
  <testcase name="setup" time="32.988" classname="com.xc.test.SalesforceLogin"/>
  <testcase name="setup" time="33.038" classname="com.xc.test.SalesforceLogin"/>
</testsuite> <!-- com.xc.test.SalesforceLogin -->
